Command line: /home/biodocker/bin/spades.py	--pe1-1	/home/samnumbula/data_driven/hw4/work/7f/9eea155dfff8d4ee9347cf80e2edbe/SRR292678_1.fastq.gz	--pe1-2	/home/samnumbula/data_driven/hw4/work/7f/9eea155dfff8d4ee9347cf80e2edbe/SRR292678_2.fastq.gz	-o	/home/samnumbula/data_driven/hw4/work/7f/9eea155dfff8d4ee9347cf80e2edbe/spades_output	

System information:
  SPAdes version: 3.13.1
  Python version: 2.7.12
  OS: Linux-5.15.167.4-microsoft-standard-WSL2-x86_64-with-Ubuntu-16.04-xenial

Output dir: /home/samnumbula/data_driven/hw4/work/7f/9eea155dfff8d4ee9347cf80e2edbe/spades_output
Mode: read error correction and assembling
Debug mode is turned OFF

Dataset parameters:
  Multi-cell mode (you should set '--sc' flag if input data was obtained with MDA (single-cell) technology or --meta flag if processing metagenomic dataset)
  Reads:
    Library number: 1, library type: paired-end
      orientation: fr
      left reads: ['/home/samnumbula/data_driven/hw4/work/7f/9eea155dfff8d4ee9347cf80e2edbe/SRR292678_1.fastq.gz']
      right reads: ['/home/samnumbula/data_driven/hw4/work/7f/9eea155dfff8d4ee9347cf80e2edbe/SRR292678_2.fastq.gz']
      interlaced reads: not specified
      single reads: not specified
      merged reads: not specified
Read error correction parameters:
  Iterations: 1
  PHRED offset will be auto-detected
  Corrected reads will be compressed
Assembly parameters:
  k: automatic selection based on read length
  Repeat resolution is enabled
  Mismatch careful mode is turned OFF
  MismatchCorrector will be SKIPPED
  Coverage cutoff is turned OFF
Other parameters:
  Dir for temp files: /home/samnumbula/data_driven/hw4/work/7f/9eea155dfff8d4ee9347cf80e2edbe/spades_output/tmp
  Threads: 16
  Memory limit (in Gb): 7


======= SPAdes pipeline started. Log can be found here: /home/samnumbula/data_driven/hw4/work/7f/9eea155dfff8d4ee9347cf80e2edbe/spades_output/spades.log


===== Read error correction started. 


== Running read error correction tool: /home/biodocker/bin/spades-hammer /home/samnumbula/data_driven/hw4/work/7f/9eea155dfff8d4ee9347cf80e2edbe/spades_output/corrected/configs/config.info

The program was terminated by segmentation fault
=== Stack Trace ===


== Error ==  system call for: "['/home/biodocker/bin/spades-hammer', '/home/samnumbula/data_driven/hw4/work/7f/9eea155dfff8d4ee9347cf80e2edbe/spades_output/corrected/configs/config.info']" finished abnormally, err code: -11

In case you have troubles running SPAdes, you can write to spades.support@cab.spbu.ru
or report an issue on our GitHub repository github.com/ablab/spades
Please provide us with params.txt and spades.log files from the output directory.
